Version v0.1.0
    - Start of versions checking
Version v0.2.0
    Bug fixes:
        Fixed bug, that if you started to create project with ETL from scratch, first run of ETL would fail after project creation
        Fixed bug with creating multiple notification
        Fixed bug with dry-run. No persistent changes are saved when running dry run
    Features:
        Added support for multiple schedules
Version v0.2.1
    Features:
        Added switch, to enable debug level informations from API
Version v0.2.2
    Bug fixes:
        Fixed bug with empty SSO_PROVIDER in source file and error connected to it
        Fixed bug with inconsistent error handling where the user was not created in GD
    Features:
        Added reschedule parameter to schedule setting
Version v0.2.3
    Features:
        If User Domain is empty, the domain will not be contacted at all
Version v0.2.4
    Bug fixes:
        Fixed problem with process deployment in case of Gooddata Error.
Version v0.2.5
    Bug fixes:
        Fixed problem with process deployment in case of Gooddata Error, the program will not be stoped, the WARN message will appear in log.
Version v0.2.6
    Bug fixes:
        Fixed problem with process deployment in case of Gooddata Error, the program will not be stoped, the WARN message will appear in log.


